# JRE version: Java(TM) SE Runtime Environment (8.0_231-b11) (build 1.8.0_231-b11)
# Java VM: Java HotSpot(TM) Client VM (25.231-b11 mixed mode windows-x86 )
Heap:
 def new generation   total 78656K, used 76757K [0x05000000, 0x0a550000, 0x0a550000)
  eden space 69952K,  97% used [0x05000000, 0x09275660, 0x09450000)
  from space 8704K, 100% used [0x09cd0000, 0x0a550000, 0x0a550000)
  to   space 8704K,   0% used [0x09450000, 0x09450000, 0x09cd0000)
 tenured generation   total 174784K, used 128051K [0x0a550000, 0x15000000, 0x15000000)
   the space 174784K,  73% used [0x0a550000, 0x1225cfc0, 0x1225d000, 0x15000000)
 Metaspace       used 27261K, capacity 28341K, committed 28416K, reserved 29056K
GC Heap History (10 events):
Event: 16.112 GC heap before
{Heap before GC invocations=120 (full 7):
 def new generation   total 56448K, used 50187K [0x05000000, 0x08d40000, 0x0a550000)
  eden space 50176K, 100% used [0x05000000, 0x08100000, 0x08100000)
  from space 6272K,   0% used [0x08720000, 0x08722ef8, 0x08d40000)
  to   space 6272K,   0% used [0x08100000, 0x08100000, 0x08720000)
 tenured generation   total 125388K, used 106845K [0x0a550000, 0x11fc3000, 0x15000000)
   the space 125388K,  85% used [0x0a550000, 0x10da77b0, 0x10da7800, 0x11fc3000)
 Metaspace       used 27022K, capacity 28132K, committed 28288K, reserved 29056K
Event: 16.137 GC heap after
Heap after GC invocations=121 (full 7):
 def new generation   total 56448K, used 6272K [0x05000000, 0x08d40000, 0x0a550000)
  eden space 50176K,   0% used [0x05000000, 0x05000000, 0x08100000)
  from space 6272K, 100% used [0x08100000, 0x08720000, 0x08720000)
  to   space 6272K,   0% used [0x08720000, 0x08720000, 0x08d40000)
 tenured generation   total 125388K, used 122737K [0x0a550000, 0x11fc3000, 0x15000000)
   the space 125388K,  97% used [0x0a550000, 0x11d2c720, 0x11d2c800, 0x11fc3000)
 Metaspace       used 27022K, capacity 28132K, committed 28288K, reserved 29056K
}
Event: 16.223 GC heap before
{Heap before GC invocations=121 (full 7):
 def new generation   total 56448K, used 56448K [0x05000000, 0x08d40000, 0x0a550000)
  eden space 50176K, 100% used [0x05000000, 0x08100000, 0x08100000)
  from space 6272K, 100% used [0x08100000, 0x08720000, 0x08720000)
  to   space 6272K,   0% used [0x08720000, 0x08720000, 0x08d40000)
 tenured generation   total 125388K, used 122737K [0x0a550000, 0x11fc3000, 0x15000000)
   the space 125388K,  97% used [0x0a550000, 0x11d2c720, 0x11d2c800, 0x11fc3000)
 Metaspace       used 27022K, capacity 28132K, committed 28288K, reserved 29056K
Event: 16.440 GC heap after
Heap after GC invocations=122 (full 8):
 def new generation   total 78656K, used 0K [0x05000000, 0x0a550000, 0x0a550000)
  eden space 69952K,   0% used [0x05000000, 0x05000000, 0x09450000)
  from space 8704K,   0% used [0x09450000, 0x09450000, 0x09cd0000)
  to   space 8704K,   0% used [0x09cd0000, 0x09cd0000, 0x0a550000)
 tenured generation   total 174784K, used 109686K [0x0a550000, 0x15000000, 0x15000000)
   the space 174784K,  62% used [0x0a550000, 0x1106d958, 0x1106da00, 0x15000000)
 Metaspace       used 27022K, capacity 28132K, committed 28288K, reserved 29056K
}
Event: 16.703 GC heap before
{Heap before GC invocations=122 (full 8):
 def new generation   total 78656K, used 69952K [0x05000000, 0x0a550000, 0x0a550000)
  eden space 69952K, 100% used [0x05000000, 0x09450000, 0x09450000)
  from space 8704K,   0% used [0x09450000, 0x09450000, 0x09cd0000)
  to   space 8704K,   0% used [0x09cd0000, 0x09cd0000, 0x0a550000)
 tenured generation   total 174784K, used 109686K [0x0a550000, 0x15000000, 0x15000000)
   the space 174784K,  62% used [0x0a550000, 0x1106d958, 0x1106da00, 0x15000000)
 Metaspace       used 27084K, capacity 28181K, committed 28288K, reserved 29056K
Event: 16.728 GC heap after
Heap after GC invocations=123 (full 8):
 def new generation   total 78656K, used 8703K [0x05000000, 0x0a550000, 0x0a550000)
  eden space 69952K,   0% used [0x05000000, 0x05000000, 0x09450000)
  from space 8704K,  99% used [0x09cd0000, 0x0a54fff8, 0x0a550000)
  to   space 8704K,   0% used [0x09450000, 0x09450000, 0x09cd0000)
 tenured generation   total 174784K, used 110231K [0x0a550000, 0x15000000, 0x15000000)
   the space 174784K,  63% used [0x0a550000, 0x110f5e90, 0x110f6000, 0x15000000)
 Metaspace       used 27084K, capacity 28181K, committed 28288K, reserved 29056K
}
Event: 16.815 GC heap before
{Heap before GC invocations=123 (full 8):
 def new generation   total 78656K, used 78655K [0x05000000, 0x0a550000, 0x0a550000)
  eden space 69952K, 100% used [0x05000000, 0x09450000, 0x09450000)
  from space 8704K,  99% used [0x09cd0000, 0x0a54fff8, 0x0a550000)
  to   space 8704K,   0% used [0x09450000, 0x09450000, 0x09cd0000)
 tenured generation   total 174784K, used 110231K [0x0a550000, 0x15000000, 0x15000000)
   the space 174784K,  63% used [0x0a550000, 0x110f5e90, 0x110f6000, 0x15000000)
 Metaspace       used 27084K, capacity 28181K, committed 28288K, reserved 29056K
Event: 16.834 GC heap after
Heap after GC invocations=124 (full 8):
 def new generation   total 78656K, used 8704K [0x05000000, 0x0a550000, 0x0a550000)
  eden space 69952K,   0% used [0x05000000, 0x05000000, 0x09450000)
  from space 8704K, 100% used [0x09450000, 0x09cd0000, 0x09cd0000)
  to   space 8704K,   0% used [0x09cd0000, 0x09cd0000, 0x0a550000)
 tenured generation   total 174784K, used 119157K [0x0a550000, 0x15000000, 0x15000000)
   the space 174784K,  68% used [0x0a550000, 0x119ad5b0, 0x119ad600, 0x15000000)
 Metaspace       used 27084K, capacity 28181K, committed 28288K, reserved 29056K
}
Event: 16.918 GC heap before
{Heap before GC invocations=124 (full 8):
 def new generation   total 78656K, used 78656K [0x05000000, 0x0a550000, 0x0a550000)
  eden space 69952K, 100% used [0x05000000, 0x09450000, 0x09450000)
  from space 8704K, 100% used [0x09450000, 0x09cd0000, 0x09cd0000)
  to   space 8704K,   0% used [0x09cd0000, 0x09cd0000, 0x0a550000)
 tenured generation   total 174784K, used 119157K [0x0a550000, 0x15000000, 0x15000000)
   the space 174784K,  68% used [0x0a550000, 0x119ad5b0, 0x119ad600, 0x15000000)
 Metaspace       used 27084K, capacity 28181K, committed 28288K, reserved 29056K
Event: 16.927 GC heap after
Heap after GC invocations=125 (full 8):
 def new generation   total 78656K, used 8704K [0x05000000, 0x0a550000, 0x0a550000)
  eden space 69952K,   0% used [0x05000000, 0x05000000, 0x09450000)
  from space 8704K, 100% used [0x09cd0000, 0x0a550000, 0x0a550000)
  to   space 8704K,   0% used [0x09450000, 0x09450000, 0x09cd0000)
 tenured generation   total 174784K, used 128051K [0x0a550000, 0x15000000, 0x15000000)
   the space 174784K,  73% used [0x0a550000, 0x1225cfc0, 0x1225d000, 0x15000000)
 Metaspace       used 27084K, capacity 28181K, committed 28288K, reserved 29056K
}

