# JRE version: Java(TM) SE Runtime Environment (8.0_231-b11) (build 1.8.0_231-b11)
# Java VM: Java HotSpot(TM) Client VM (25.231-b11 mixed mode, sharing windows-x86 )
Heap:
 def new generation   total 78464K, used 47634K [0x04a00000, 0x09f20000, 0x09f50000)
  eden space 69760K,  55% used [0x04a00000, 0x07004ae0, 0x08e20000)
  from space 8704K, 100% used [0x08e20000, 0x096a0000, 0x096a0000)
  to   space 8704K,   0% used [0x096a0000, 0x096a0000, 0x09f20000)
 tenured generation   total 174276K, used 114696K [0x09f50000, 0x14981000, 0x14a00000)
   the space 174276K,  65% used [0x09f50000, 0x10f52048, 0x10f52200, 0x14981000)
 Metaspace       used 18932K, capacity 20013K, committed 20096K, reserved 20864K
GC Heap History (10 events):
Event: 18.146 GC heap before
{Heap before GC invocations=112 (full 7):
 def new generation   total 67136K, used 59712K [0x04a00000, 0x092d0000, 0x09f50000)
  eden space 59712K, 100% used [0x04a00000, 0x08450000, 0x08450000)
  from space 7424K,   0% used [0x08450000, 0x08450000, 0x08b90000)
  to   space 7424K,   0% used [0x08b90000, 0x08b90000, 0x092d0000)
 tenured generation   total 149048K, used 89426K [0x09f50000, 0x130de000, 0x14a00000)
   the space 149048K,  59% used [0x09f50000, 0x0f6a4b18, 0x0f6a4c00, 0x130de000)
 Metaspace       used 18503K, capacity 19612K, committed 19712K, reserved 19840K
Event: 18.203 GC heap after
Heap after GC invocations=113 (full 7):
 def new generation   total 67136K, used 7424K [0x04a00000, 0x092d0000, 0x09f50000)
  eden space 59712K,   0% used [0x04a00000, 0x04a00000, 0x08450000)
  from space 7424K, 100% used [0x08b90000, 0x092d0000, 0x092d0000)
  to   space 7424K,   0% used [0x08450000, 0x08450000, 0x08b90000)
 tenured generation   total 149048K, used 123100K [0x09f50000, 0x130de000, 0x14a00000)
   the space 149048K,  82% used [0x09f50000, 0x11787228, 0x11787400, 0x130de000)
 Metaspace       used 18503K, capacity 19612K, committed 19712K, reserved 19840K
}
Event: 18.580 GC heap before
{Heap before GC invocations=113 (full 7):
 def new generation   total 67136K, used 67136K [0x04a00000, 0x092d0000, 0x09f50000)
  eden space 59712K, 100% used [0x04a00000, 0x08450000, 0x08450000)
  from space 7424K, 100% used [0x08b90000, 0x092d0000, 0x092d0000)
  to   space 7424K,   0% used [0x08450000, 0x08450000, 0x08b90000)
 tenured generation   total 149048K, used 123100K [0x09f50000, 0x130de000, 0x14a00000)
   the space 149048K,  82% used [0x09f50000, 0x11787228, 0x11787400, 0x130de000)
 Metaspace       used 18548K, capacity 19627K, committed 19712K, reserved 19840K
Event: 18.703 GC heap after
Heap after GC invocations=114 (full 7):
 def new generation   total 67136K, used 7424K [0x04a00000, 0x092d0000, 0x09f50000)
  eden space 59712K,   0% used [0x04a00000, 0x04a00000, 0x08450000)
  from space 7424K, 100% used [0x08450000, 0x08b90000, 0x08b90000)
  to   space 7424K,   0% used [0x08b90000, 0x08b90000, 0x092d0000)
 tenured generation   total 149048K, used 144143K [0x09f50000, 0x130de000, 0x14a00000)
   the space 149048K,  96% used [0x09f50000, 0x12c13e58, 0x12c14000, 0x130de000)
 Metaspace       used 18548K, capacity 19627K, committed 19712K, reserved 19840K
}
Event: 19.232 GC heap before
{Heap before GC invocations=114 (full 7):
 def new generation   total 67136K, used 67136K [0x04a00000, 0x092d0000, 0x09f50000)
  eden space 59712K, 100% used [0x04a00000, 0x08450000, 0x08450000)
  from space 7424K, 100% used [0x08450000, 0x08b90000, 0x08b90000)
  to   space 7424K,   0% used [0x08b90000, 0x08b90000, 0x092d0000)
 tenured generation   total 149048K, used 144143K [0x09f50000, 0x130de000, 0x14a00000)
   the space 149048K,  96% used [0x09f50000, 0x12c13e58, 0x12c14000, 0x130de000)
 Metaspace       used 18550K, capacity 19629K, committed 19712K, reserved 19840K
Event: 19.540 GC heap after
Heap after GC invocations=115 (full 8):
 def new generation   total 78464K, used 0K [0x04a00000, 0x09f20000, 0x09f50000)
  eden space 69760K,   0% used [0x04a00000, 0x04a00000, 0x08e20000)
  from space 8704K,   0% used [0x08e20000, 0x08e20000, 0x096a0000)
  to   space 8704K,   0% used [0x096a0000, 0x096a0000, 0x09f20000)
 tenured generation   total 174276K, used 104565K [0x09f50000, 0x14981000, 0x14a00000)
   the space 174276K,  59% used [0x09f50000, 0x1056d610, 0x1056d800, 0x14981000)
 Metaspace       used 18550K, capacity 19629K, committed 19712K, reserved 19840K
}
Event: 19.702 GC heap before
{Heap before GC invocations=115 (full 8):
 def new generation   total 78464K, used 69760K [0x04a00000, 0x09f20000, 0x09f50000)
  eden space 69760K, 100% used [0x04a00000, 0x08e20000, 0x08e20000)
  from space 8704K,   0% used [0x08e20000, 0x08e20000, 0x096a0000)
  to   space 8704K,   0% used [0x096a0000, 0x096a0000, 0x09f20000)
 tenured generation   total 174276K, used 104565K [0x09f50000, 0x14981000, 0x14a00000)
   the space 174276K,  59% used [0x09f50000, 0x1056d610, 0x1056d800, 0x14981000)
 Metaspace       used 18550K, capacity 19629K, committed 19712K, reserved 19840K
Event: 19.715 GC heap after
Heap after GC invocations=116 (full 8):
 def new generation   total 78464K, used 8703K [0x04a00000, 0x09f20000, 0x09f50000)
  eden space 69760K,   0% used [0x04a00000, 0x04a00000, 0x08e20000)
  from space 8704K,  99% used [0x096a0000, 0x09f1fff0, 0x09f20000)
  to   space 8704K,   0% used [0x08e20000, 0x08e20000, 0x096a0000)
 tenured generation   total 174276K, used 104780K [0x09f50000, 0x14981000, 0x14a00000)
   the space 174276K,  60% used [0x09f50000, 0x105a33b8, 0x105a3400, 0x14981000)
 Metaspace       used 18550K, capacity 19629K, committed 19712K, reserved 19840K
}
Event: 19.918 GC heap before
{Heap before GC invocations=116 (full 8):
 def new generation   total 78464K, used 78463K [0x04a00000, 0x09f20000, 0x09f50000)
  eden space 69760K, 100% used [0x04a00000, 0x08e20000, 0x08e20000)
  from space 8704K,  99% used [0x096a0000, 0x09f1fff0, 0x09f20000)
  to   space 8704K,   0% used [0x08e20000, 0x08e20000, 0x096a0000)
 tenured generation   total 174276K, used 104780K [0x09f50000, 0x14981000, 0x14a00000)
   the space 174276K,  60% used [0x09f50000, 0x105a33b8, 0x105a3400, 0x14981000)
 Metaspace       used 18675K, capacity 19757K, committed 19840K, reserved 19840K
Event: 19.936 GC heap after
Heap after GC invocations=117 (full 8):
 def new generation   total 78464K, used 8704K [0x04a00000, 0x09f20000, 0x09f50000)
  eden space 69760K,   0% used [0x04a00000, 0x04a00000, 0x08e20000)
  from space 8704K, 100% used [0x08e20000, 0x096a0000, 0x096a0000)
  to   space 8704K,   0% used [0x096a0000, 0x096a0000, 0x09f20000)
 tenured generation   total 174276K, used 114696K [0x09f50000, 0x14981000, 0x14a00000)
   the space 174276K,  65% used [0x09f50000, 0x10f52048, 0x10f52200, 0x14981000)
 Metaspace       used 18675K, capacity 19757K, committed 19840K, reserved 19840K
}

